<?xml version="1.0" encoding="UTF-8"?>
<!-- Generated by org.testng.reporters.JUnitReportReporter -->
<testsuite hostname="DESKTOP-KP0OG9U" failures="0" tests="1" name="pushpaMovieDetails.pushpaMovieDateAndCountryTest" time="21.880" errors="0" timestamp="2022-11-25T21:29:39 IST" skipped="0">
  <testcase classname="pushpaMovieDetails.pushpaMovieDateAndCountryTest" name="PushpaMovieDateAndCountryTest" time="21.880"/>
  <system-out>
    <![CDATA[Country name test is pass
Release date test is pass]]>
  </system-out>
</testsuite> <!-- pushpaMovieDetails.pushpaMovieDateAndCountryTest -->
